<html>
<head>
<title>TestNG:  Test</title>
<link href="../testng.css" rel="stylesheet" type="text/css" />
<link href="../my-testng.css" rel="stylesheet" type="text/css" />

<style type="text/css">
.log { display: none;} 
.stack-trace { display: none;} 
</style>
<script type="text/javascript">
<!--
function flip(e) {
  current = e.style.display;
  if (current == 'block') {
    e.style.display = 'none';
    return 0;
  }
  else {
    e.style.display = 'block';
    return 1;
  }
}

function toggleBox(szDivId, elem, msg1, msg2)
{
  var res = -1;  if (document.getElementById) {
    res = flip(document.getElementById(szDivId));
  }
  else if (document.all) {
    // this is the way old msie versions work
    res = flip(document.all[szDivId]);
  }
  if(elem) {
    if(res == 0) elem.innerHTML = msg1; else elem.innerHTML = msg2;
  }

}

function toggleAllBoxes() {
  if (document.getElementsByTagName) {
    d = document.getElementsByTagName('div');
    for (i = 0; i < d.length; i++) {
      if (d[i].className == 'log') {
        flip(d[i]);
      }
    }
  }
}

// -->
</script>

</head>
<body>
<h2 align='center'>Test</h2><table border='1' align="center">
<tr>
<td>Tests passed/Failed/Skipped:</td><td>26/0/3</td>
</tr><tr>
<td>Started on:</td><td>Sun Nov 09 19:14:28 IST 2025</td>
</tr>
<tr><td>Total time:</td><td>94 seconds (94530 ms)</td>
</tr><tr>
<td>Included groups:</td><td></td>
</tr><tr>
<td>Excluded groups:</td><td></td>
</tr>
</table><p/>
<small><i>(Hover the method name to see the test class name)</i></small><p/>
<table width='100%' border='1' class='invocation-passed'>
<tr><td colspan='4' align='center'><b>PASSED TESTS</b></td></tr>
<tr><td><b>Test method</b></td>
<td><b>Attribute(s)</b></td>
<td width="30%"><b>Exception</b></td>
<td width="10%"><b>Time (seconds)</b></td>
<td><b>Instance</b></td>
</tr>
<tr>
<td title='api.tests.AddPetServiceTest.createBooking()'><b>createBooking</b><br>Test class: api.tests.AddPetServiceTest<br>Parameters: api.models.PetPayload@5e68be2</td>
<td></td>
<td>1</td>
<td>api.tests.AddPetServiceTest@7139992f</td></tr>
<tr>
<td title='api.tests.RetrievePetDataByIdServiceTest.getPetDetailsById()'><b>getPetDetailsById</b><br>Test class: api.tests.RetrievePetDataByIdServiceTest<br>Parameters: 101</td>
<td></td>
<td>1</td>
<td>api.tests.RetrievePetDataByIdServiceTest@475c9c31</td></tr>
<tr>
<td title='api.tests.AddPetServiceTest.createBooking()'><b>createBooking</b><br>Test class: api.tests.AddPetServiceTest<br>Parameters: api.models.PetPayload@6ad1701a</td>
<td></td>
<td>1</td>
<td>api.tests.AddPetServiceTest@7139992f</td></tr>
<tr>
<td title='api.tests.PetLifecycleTest.updatePet()'><b>updatePet</b><br>Test class: api.tests.PetLifecycleTest</td>
<td></td>
<td>1</td>
<td>api.tests.PetLifecycleTest@6a4f1a55</td></tr>
<tr>
<td title='api.tests.PetLifecycleTest.getUpdatedPet()'><b>getUpdatedPet</b><br>Test class: api.tests.PetLifecycleTest</td>
<td></td>
<td>1</td>
<td>api.tests.PetLifecycleTest@6a4f1a55</td></tr>
<tr>
<td title='api.tests.DeletePetServiceTest.getPetDetailsByInvalidId()'><b>getPetDetailsByInvalidId</b><br>Test class: api.tests.DeletePetServiceTest<br>Parameters: 0</td>
<td></td>
<td>1</td>
<td>api.tests.DeletePetServiceTest@5276d6ee</td></tr>
<tr>
<td title='api.tests.UpdateExistingPetServiceTest.createBooking()'><b>createBooking</b><br>Test class: api.tests.UpdateExistingPetServiceTest<br>Parameters: api.models.PetPayload@2e349cf2</td>
<td></td>
<td>1</td>
<td>api.tests.UpdateExistingPetServiceTest@5c7bfdc1</td></tr>
<tr>
<td title='api.tests.RetrievePetDataByIdServiceTest.getPetDetailsById()'><b>getPetDetailsById</b><br>Test class: api.tests.RetrievePetDataByIdServiceTest<br>Parameters: 102</td>
<td></td>
<td>1</td>
<td>api.tests.RetrievePetDataByIdServiceTest@475c9c31</td></tr>
<tr>
<td title='api.tests.DeletePetServiceTest.getPetDetailsByValidId()'><b>getPetDetailsByValidId</b><br>Test class: api.tests.DeletePetServiceTest<br>Parameters: 104</td>
<td></td>
<td>1</td>
<td>api.tests.DeletePetServiceTest@5276d6ee</td></tr>
<tr>
<td title='api.tests.AddPetServiceTest.createBooking()'><b>createBooking</b><br>Test class: api.tests.AddPetServiceTest<br>Parameters: api.models.PetPayload@5170bcf4</td>
<td></td>
<td>4</td>
<td>api.tests.AddPetServiceTest@7139992f</td></tr>
<tr>
<td title='api.tests.DeletePetServiceTest.getPetDetailsByValidId()'><b>getPetDetailsByValidId</b><br>Test class: api.tests.DeletePetServiceTest<br>Parameters: 101</td>
<td></td>
<td>1</td>
<td>api.tests.DeletePetServiceTest@5276d6ee</td></tr>
<tr>
<td title='api.tests.PetLifecycleTest.deleteExistingPet()'><b>deleteExistingPet</b><br>Test class: api.tests.PetLifecycleTest</td>
<td></td>
<td>1</td>
<td>api.tests.PetLifecycleTest@6a4f1a55</td></tr>
<tr>
<td title='api.tests.UpdateExistingPetServiceTest.createBooking()'><b>createBooking</b><br>Test class: api.tests.UpdateExistingPetServiceTest<br>Parameters: api.models.PetPayload@296676c4</td>
<td></td>
<td>1</td>
<td>api.tests.UpdateExistingPetServiceTest@5c7bfdc1</td></tr>
<tr>
<td title='api.tests.RetrievePetDataByStatusServiceTest.getPetDetailsByStatus()'><b>getPetDetailsByStatus</b><br>Test class: api.tests.RetrievePetDataByStatusServiceTest<br>Parameters: available</td>
<td></td>
<td>4</td>
<td>api.tests.RetrievePetDataByStatusServiceTest@5c86a017</td></tr>
<tr>
<td title='api.tests.RetrievePetDataByStatusServiceTest.getPetDetailsByStatus()'><b>getPetDetailsByStatus</b><br>Test class: api.tests.RetrievePetDataByStatusServiceTest<br>Parameters: sold</td>
<td></td>
<td>1</td>
<td>api.tests.RetrievePetDataByStatusServiceTest@5c86a017</td></tr>
<tr>
<td title='api.tests.DeletePetServiceTest.getPetDetailsByValidId()'><b>getPetDetailsByValidId</b><br>Test class: api.tests.DeletePetServiceTest<br>Parameters: 103</td>
<td></td>
<td>1</td>
<td>api.tests.DeletePetServiceTest@5276d6ee</td></tr>
<tr>
<td title='api.tests.PetLifecycleTest.getPet()'><b>getPet</b><br>Test class: api.tests.PetLifecycleTest</td>
<td></td>
<td>1</td>
<td>api.tests.PetLifecycleTest@6a4f1a55</td></tr>
<tr>
<td title='api.tests.PetLifecycleTest.addNewPet()'><b>addNewPet</b><br>Test class: api.tests.PetLifecycleTest</td>
<td></td>
<td>1</td>
<td>api.tests.PetLifecycleTest@6a4f1a55</td></tr>
<tr>
<td title='api.tests.DeletePetServiceTest.getPetDetailsByValidId()'><b>getPetDetailsByValidId</b><br>Test class: api.tests.DeletePetServiceTest<br>Parameters: 102</td>
<td></td>
<td>1</td>
<td>api.tests.DeletePetServiceTest@5276d6ee</td></tr>
<tr>
<td title='api.tests.RetrievePetDataByIdServiceTest.getPetDetailsByInvalidId()'><b>getPetDetailsByInvalidId</b><br>Test class: api.tests.RetrievePetDataByIdServiceTest<br>Parameters: 0</td>
<td></td>
<td>2</td>
<td>api.tests.RetrievePetDataByIdServiceTest@475c9c31</td></tr>
<tr>
<td title='api.tests.RetrievePetDataByIdServiceTest.getPetDetailsById()'><b>getPetDetailsById</b><br>Test class: api.tests.RetrievePetDataByIdServiceTest<br>Parameters: 104</td>
<td></td>
<td>1</td>
<td>api.tests.RetrievePetDataByIdServiceTest@475c9c31</td></tr>
<tr>
<td title='api.tests.RetrievePetDataByIdServiceTest.getPetDetailsById()'><b>getPetDetailsById</b><br>Test class: api.tests.RetrievePetDataByIdServiceTest<br>Parameters: 103</td>
<td></td>
<td>1</td>
<td>api.tests.RetrievePetDataByIdServiceTest@475c9c31</td></tr>
<tr>
<td title='api.tests.RetrievePetDataByStatusServiceTest.getPetDetailsByStatus()'><b>getPetDetailsByStatus</b><br>Test class: api.tests.RetrievePetDataByStatusServiceTest<br>Parameters: pending</td>
<td></td>
<td>1</td>
<td>api.tests.RetrievePetDataByStatusServiceTest@5c86a017</td></tr>
<tr>
<td title='api.tests.AddPetServiceTest.createBooking()'><b>createBooking</b><br>Test class: api.tests.AddPetServiceTest<br>Parameters: api.models.PetPayload@7b91d9f</td>
<td></td>
<td>1</td>
<td>api.tests.AddPetServiceTest@7139992f</td></tr>
<tr>
<td title='api.tests.AddPetServiceTest.createBooking()'><b>createBooking</b><br>Test class: api.tests.AddPetServiceTest<br>Parameters: api.models.PetPayload@582dcd35</td>
<td></td>
<td>1</td>
<td>api.tests.AddPetServiceTest@7139992f</td></tr>
<tr>
<td title='api.tests.PetLifecycleTest.deleteNonExistingPet()'><b>deleteNonExistingPet</b><br>Test class: api.tests.PetLifecycleTest</td>
<td></td>
<td>1</td>
<td>api.tests.PetLifecycleTest@6a4f1a55</td></tr>
</table><p>
<table width='100%' border='1' class='invocation-skipped'>
<tr><td colspan='4' align='center'><b>SKIPPED TESTS</b></td></tr>
<tr><td><b>Test method</b></td>
<td><b>Attribute(s)</b></td>
<td width="30%"><b>Exception</b></td>
<td width="10%"><b>Time (seconds)</b></td>
<td><b>Instance</b></td>
</tr>
<tr>
<td title='api.tests.PetLifecycleTest.getUpdatedPet()'><b>getUpdatedPet</b><br>Test class: api.tests.PetLifecycleTest</td>
<td><div><pre>java.lang.AssertionError: expected [sold] but found [available]
	at api.tests.PetLifecycleTest.getUpdatedPet(PetLifecycleTest.java:100)
	at java.base/java.util.ArrayList.forEach(ArrayList.java:1596)
... Removed 31 stack frames</pre></div><a href='#' onClick='toggleBox("stack-trace1016064173", this, "Click to show all stack frames", "Click to hide stack frames")'>Click to show all stack frames</a>
<div class='stack-trace' id='stack-trace1016064173'><pre>java.lang.AssertionError: expected [sold] but found [available]
	at org.testng.Assert.fail(Assert.java:111)
	at org.testng.Assert.failNotEquals(Assert.java:1590)
	at org.testng.Assert.assertEqualsImpl(Assert.java:150)
	at org.testng.Assert.assertEquals(Assert.java:132)
	at org.testng.Assert.assertEquals(Assert.java:656)
	at org.testng.Assert.assertEquals(Assert.java:666)
	at api.tests.PetLifecycleTest.getUpdatedPet(PetLifecycleTest.java:100)
	at java.base/jdk.internal.reflect.DirectMethodHandleAccessor.invoke(DirectMethodHandleAccessor.java:103)
	at java.base/java.lang.reflect.Method.invoke(Method.java:580)
	at org.testng.internal.invokers.MethodInvocationHelper.invokeMethod(MethodInvocationHelper.java:141)
	at org.testng.internal.invokers.TestInvoker.invokeMethod(TestInvoker.java:687)
	at org.testng.internal.invokers.TestInvoker.retryFailed(TestInvoker.java:269)
	at org.testng.internal.invokers.MethodRunner.runInSequence(MethodRunner.java:76)
	at org.testng.internal.invokers.TestInvoker$MethodInvocationAgent.invoke(TestInvoker.java:995)
	at org.testng.internal.invokers.TestInvoker.invokeTestMethods(TestInvoker.java:203)
	at org.testng.internal.invokers.TestMethodWorker.invokeTestMethods(TestMethodWorker.java:154)
	at org.testng.internal.invokers.TestMethodWorker.run(TestMethodWorker.java:134)
	at java.base/java.util.ArrayList.forEach(ArrayList.java:1596)
	at org.testng.TestRunner.privateRun(TestRunner.java:741)
	at org.testng.TestRunner.run(TestRunner.java:616)
	at org.testng.SuiteRunner.runTest(SuiteRunner.java:421)
	at org.testng.SuiteRunner.runSequentially(SuiteRunner.java:413)
	at org.testng.SuiteRunner.privateRun(SuiteRunner.java:373)
	at org.testng.SuiteRunner.run(SuiteRunner.java:312)
	at org.testng.SuiteRunnerWorker.runSuite(SuiteRunnerWorker.java:52)
	at org.testng.SuiteRunnerWorker.run(SuiteRunnerWorker.java:95)
	at org.testng.TestNG.runSuitesSequentially(TestNG.java:1274)
	at org.testng.TestNG.runSuitesLocally(TestNG.java:1208)
	at org.testng.TestNG.runSuites(TestNG.java:1112)
	at org.testng.TestNG.run(TestNG.java:1079)
	at org.testng.remote.AbstractRemoteTestNG.run(AbstractRemoteTestNG.java:115)
	at org.testng.remote.RemoteTestNG.initAndRun(RemoteTestNG.java:293)
	at org.testng.remote.RemoteTestNG.main(RemoteTestNG.java:91)
</pre></div></td>
<td>2</td>
<td>api.tests.PetLifecycleTest@6a4f1a55</td></tr>
<tr>
<td title='api.tests.PetLifecycleTest.getUpdatedPet()'><b>getUpdatedPet</b><br>Test class: api.tests.PetLifecycleTest</td>
<td><div><pre>java.lang.AssertionError: expected [sold] but found [available]
	at api.tests.PetLifecycleTest.getUpdatedPet(PetLifecycleTest.java:100)
	at java.base/java.util.ArrayList.forEach(ArrayList.java:1596)
... Removed 31 stack frames</pre></div><a href='#' onClick='toggleBox("stack-trace131168518", this, "Click to show all stack frames", "Click to hide stack frames")'>Click to show all stack frames</a>
<div class='stack-trace' id='stack-trace131168518'><pre>java.lang.AssertionError: expected [sold] but found [available]
	at org.testng.Assert.fail(Assert.java:111)
	at org.testng.Assert.failNotEquals(Assert.java:1590)
	at org.testng.Assert.assertEqualsImpl(Assert.java:150)
	at org.testng.Assert.assertEquals(Assert.java:132)
	at org.testng.Assert.assertEquals(Assert.java:656)
	at org.testng.Assert.assertEquals(Assert.java:666)
	at api.tests.PetLifecycleTest.getUpdatedPet(PetLifecycleTest.java:100)
	at java.base/jdk.internal.reflect.DirectMethodHandleAccessor.invoke(DirectMethodHandleAccessor.java:103)
	at java.base/java.lang.reflect.Method.invoke(Method.java:580)
	at org.testng.internal.invokers.MethodInvocationHelper.invokeMethod(MethodInvocationHelper.java:141)
	at org.testng.internal.invokers.TestInvoker.invokeMethod(TestInvoker.java:687)
	at org.testng.internal.invokers.TestInvoker.invokeTestMethod(TestInvoker.java:230)
	at org.testng.internal.invokers.MethodRunner.runInSequence(MethodRunner.java:63)
	at org.testng.internal.invokers.TestInvoker$MethodInvocationAgent.invoke(TestInvoker.java:995)
	at org.testng.internal.invokers.TestInvoker.invokeTestMethods(TestInvoker.java:203)
	at org.testng.internal.invokers.TestMethodWorker.invokeTestMethods(TestMethodWorker.java:154)
	at org.testng.internal.invokers.TestMethodWorker.run(TestMethodWorker.java:134)
	at java.base/java.util.ArrayList.forEach(ArrayList.java:1596)
	at org.testng.TestRunner.privateRun(TestRunner.java:741)
	at org.testng.TestRunner.run(TestRunner.java:616)
	at org.testng.SuiteRunner.runTest(SuiteRunner.java:421)
	at org.testng.SuiteRunner.runSequentially(SuiteRunner.java:413)
	at org.testng.SuiteRunner.privateRun(SuiteRunner.java:373)
	at org.testng.SuiteRunner.run(SuiteRunner.java:312)
	at org.testng.SuiteRunnerWorker.runSuite(SuiteRunnerWorker.java:52)
	at org.testng.SuiteRunnerWorker.run(SuiteRunnerWorker.java:95)
	at org.testng.TestNG.runSuitesSequentially(TestNG.java:1274)
	at org.testng.TestNG.runSuitesLocally(TestNG.java:1208)
	at org.testng.TestNG.runSuites(TestNG.java:1112)
	at org.testng.TestNG.run(TestNG.java:1079)
	at org.testng.remote.AbstractRemoteTestNG.run(AbstractRemoteTestNG.java:115)
	at org.testng.remote.RemoteTestNG.initAndRun(RemoteTestNG.java:293)
	at org.testng.remote.RemoteTestNG.main(RemoteTestNG.java:91)
</pre></div></td>
<td>1</td>
<td>api.tests.PetLifecycleTest@6a4f1a55</td></tr>
<tr>
<td title='api.tests.PetLifecycleTest.getPet()'><b>getPet</b><br>Test class: api.tests.PetLifecycleTest</td>
<td><div><pre>java.lang.AssertionError: expected [200] but found [404]
	at api.tests.PetLifecycleTest.getPet(PetLifecycleTest.java:53)
	at java.base/java.util.ArrayList.forEach(ArrayList.java:1596)
... Removed 32 stack frames</pre></div><a href='#' onClick='toggleBox("stack-trace1045373696", this, "Click to show all stack frames", "Click to hide stack frames")'>Click to show all stack frames</a>
<div class='stack-trace' id='stack-trace1045373696'><pre>java.lang.AssertionError: expected [200] but found [404]
	at org.testng.Assert.fail(Assert.java:111)
	at org.testng.Assert.failNotEquals(Assert.java:1590)
	at org.testng.Assert.assertEqualsImpl(Assert.java:150)
	at org.testng.Assert.assertEquals(Assert.java:132)
	at org.testng.Assert.assertEquals(Assert.java:1431)
	at org.testng.Assert.assertEquals(Assert.java:1395)
	at org.testng.Assert.assertEquals(Assert.java:1441)
	at api.tests.PetLifecycleTest.getPet(PetLifecycleTest.java:53)
	at java.base/jdk.internal.reflect.DirectMethodHandleAccessor.invoke(DirectMethodHandleAccessor.java:103)
	at java.base/java.lang.reflect.Method.invoke(Method.java:580)
	at org.testng.internal.invokers.MethodInvocationHelper.invokeMethod(MethodInvocationHelper.java:141)
	at org.testng.internal.invokers.TestInvoker.invokeMethod(TestInvoker.java:687)
	at org.testng.internal.invokers.TestInvoker.invokeTestMethod(TestInvoker.java:230)
	at org.testng.internal.invokers.MethodRunner.runInSequence(MethodRunner.java:63)
	at org.testng.internal.invokers.TestInvoker$MethodInvocationAgent.invoke(TestInvoker.java:995)
	at org.testng.internal.invokers.TestInvoker.invokeTestMethods(TestInvoker.java:203)
	at org.testng.internal.invokers.TestMethodWorker.invokeTestMethods(TestMethodWorker.java:154)
	at org.testng.internal.invokers.TestMethodWorker.run(TestMethodWorker.java:134)
	at java.base/java.util.ArrayList.forEach(ArrayList.java:1596)
	at org.testng.TestRunner.privateRun(TestRunner.java:741)
	at org.testng.TestRunner.run(TestRunner.java:616)
	at org.testng.SuiteRunner.runTest(SuiteRunner.java:421)
	at org.testng.SuiteRunner.runSequentially(SuiteRunner.java:413)
	at org.testng.SuiteRunner.privateRun(SuiteRunner.java:373)
	at org.testng.SuiteRunner.run(SuiteRunner.java:312)
	at org.testng.SuiteRunnerWorker.runSuite(SuiteRunnerWorker.java:52)
	at org.testng.SuiteRunnerWorker.run(SuiteRunnerWorker.java:95)
	at org.testng.TestNG.runSuitesSequentially(TestNG.java:1274)
	at org.testng.TestNG.runSuitesLocally(TestNG.java:1208)
	at org.testng.TestNG.runSuites(TestNG.java:1112)
	at org.testng.TestNG.run(TestNG.java:1079)
	at org.testng.remote.AbstractRemoteTestNG.run(AbstractRemoteTestNG.java:115)
	at org.testng.remote.RemoteTestNG.initAndRun(RemoteTestNG.java:293)
	at org.testng.remote.RemoteTestNG.main(RemoteTestNG.java:91)
</pre></div></td>
<td>1</td>
<td>api.tests.PetLifecycleTest@6a4f1a55</td></tr>
</table><p>
</body>
</html>