<?xml version="1.0" encoding="UTF-8"?>
<!-- Generated by org.testng.reporters.JUnitXMLReporter -->
<testsuite ignored="0" hostname="ASK" failures="0" tests="29" name="Test" time="94.53" errors="0" timestamp="2025-11-09T19:16:03 IST">
  <testcase classname="api.tests.AddPetServiceTest" name="createBooking" time="4.465"/>
  <testcase classname="api.tests.AddPetServiceTest" name="createBooking" time="1.958"/>
  <testcase classname="api.tests.AddPetServiceTest" name="createBooking" time="1.451"/>
  <testcase classname="api.tests.AddPetServiceTest" name="createBooking" time="1.269"/>
  <testcase classname="api.tests.AddPetServiceTest" name="createBooking" time="1.359"/>
  <testcase classname="api.tests.RetrievePetDataByIdServiceTest" name="getPetDetailsById" time="1.312"/>
  <testcase classname="api.tests.RetrievePetDataByIdServiceTest" name="getPetDetailsById" time="1.265"/>
  <testcase classname="api.tests.RetrievePetDataByIdServiceTest" name="getPetDetailsById" time="1.283"/>
  <testcase classname="api.tests.RetrievePetDataByIdServiceTest" name="getPetDetailsById" time="1.286"/>
  <testcase classname="api.tests.RetrievePetDataByIdServiceTest" name="getPetDetailsByInvalidId" time="2.208"/>
  <testcase classname="api.tests.RetrievePetDataByStatusServiceTest" name="getPetDetailsByStatus" time="4.281"/>
  <testcase classname="api.tests.RetrievePetDataByStatusServiceTest" name="getPetDetailsByStatus" time="1.589"/>
  <testcase classname="api.tests.RetrievePetDataByStatusServiceTest" name="getPetDetailsByStatus" time="1.591"/>
  <testcase classname="api.tests.UpdateExistingPetServiceTest" name="createBooking" time="1.556"/>
  <testcase classname="api.tests.UpdateExistingPetServiceTest" name="createBooking" time="1.473"/>
  <testcase classname="api.tests.DeletePetServiceTest" name="getPetDetailsByInvalidId" time="1.279"/>
  <testcase classname="api.tests.DeletePetServiceTest" name="getPetDetailsByValidId" time="1.391"/>
  <testcase classname="api.tests.DeletePetServiceTest" name="getPetDetailsByValidId" time="1.381"/>
  <testcase classname="api.tests.DeletePetServiceTest" name="getPetDetailsByValidId" time="1.555"/>
  <testcase classname="api.tests.DeletePetServiceTest" name="getPetDetailsByValidId" time="1.432"/>
  <testcase classname="api.tests.PetLifecycleTest" name="addNewPet" time="1.347"/>
  <testcase classname="api.tests.PetLifecycleTest" name="getPet" time="1.425">
    <skipped/>
  </testcase> <!-- getPet -->
  <testcase classname="api.tests.PetLifecycleTest" name="getPet" time="1.535"/>
  <testcase classname="api.tests.PetLifecycleTest" name="updatePet" time="1.426"/>
  <testcase classname="api.tests.PetLifecycleTest" name="getUpdatedPet" time="1.329">
    <skipped/>
  </testcase> <!-- getUpdatedPet -->
  <testcase classname="api.tests.PetLifecycleTest" name="getUpdatedPet" time="2.18">
    <skipped/>
  </testcase> <!-- getUpdatedPet -->
  <testcase classname="api.tests.PetLifecycleTest" name="getUpdatedPet" time="1.564"/>
  <testcase classname="api.tests.PetLifecycleTest" name="deleteExistingPet" time="1.314"/>
  <testcase classname="api.tests.PetLifecycleTest" name="deleteNonExistingPet" time="1.589"/>
</testsuite> <!-- Test -->
