<?xml version="1.0" encoding="UTF-8"?>
<testng-results retried="3" ignored="0" total="29" passed="26" failed="0" skipped="0">
  <reporter-output>
  </reporter-output>
  <suite started-at="2025-11-09T19:14:28 IST" name="Suite" finished-at="2025-11-09T19:16:03 IST" duration-ms="94530">
    <groups>
    </groups>
    <test started-at="2025-11-09T19:14:28 IST" name="Test" finished-at="2025-11-09T19:16:03 IST" duration-ms="94530">
      <class name="api.tests.RetrievePetDataByIdServiceTest">
        <test-method signature="getPetDetailsById(int)[pri:0, instance:api.tests.RetrievePetDataByIdServiceTest@475c9c31]" started-at="2025-11-09T19:14:39 IST" name="getPetDetailsById" data-provider="getValidPetDataProvider" finished-at="2025-11-09T19:14:40 IST" duration-ms="1312" status="PASS">
          <params>
            <param index="0">
              <value>
                <![CDATA[101]]>
              </value>
            </param>
          </params>
          <reporter-output>
          </reporter-output>
        </test-method> <!-- getPetDetailsById -->
        <test-method signature="getPetDetailsById(int)[pri:0, instance:api.tests.RetrievePetDataByIdServiceTest@475c9c31]" started-at="2025-11-09T19:14:40 IST" name="getPetDetailsById" data-provider="getValidPetDataProvider" finished-at="2025-11-09T19:14:42 IST" duration-ms="1265" status="PASS">
          <params>
            <param index="0">
              <value>
                <![CDATA[102]]>
              </value>
            </param>
          </params>
          <reporter-output>
          </reporter-output>
        </test-method> <!-- getPetDetailsById -->
        <test-method signature="getPetDetailsById(int)[pri:0, instance:api.tests.RetrievePetDataByIdServiceTest@475c9c31]" started-at="2025-11-09T19:14:42 IST" name="getPetDetailsById" data-provider="getValidPetDataProvider" finished-at="2025-11-09T19:14:43 IST" duration-ms="1283" status="PASS">
          <params>
            <param index="0">
              <value>
                <![CDATA[103]]>
              </value>
            </param>
          </params>
          <reporter-output>
          </reporter-output>
        </test-method> <!-- getPetDetailsById -->
        <test-method signature="getPetDetailsById(int)[pri:0, instance:api.tests.RetrievePetDataByIdServiceTest@475c9c31]" started-at="2025-11-09T19:14:43 IST" name="getPetDetailsById" data-provider="getValidPetDataProvider" finished-at="2025-11-09T19:14:44 IST" duration-ms="1286" status="PASS">
          <params>
            <param index="0">
              <value>
                <![CDATA[104]]>
              </value>
            </param>
          </params>
          <reporter-output>
          </reporter-output>
        </test-method> <!-- getPetDetailsById -->
        <test-method signature="getPetDetailsByInvalidId(int)[pri:0, instance:api.tests.RetrievePetDataByIdServiceTest@475c9c31]" started-at="2025-11-09T19:14:44 IST" name="getPetDetailsByInvalidId" data-provider="getInvalidPetDataProvider" finished-at="2025-11-09T19:14:46 IST" duration-ms="2208" status="PASS">
          <params>
            <param index="0">
              <value>
                <![CDATA[0]]>
              </value>
            </param>
          </params>
          <reporter-output>
          </reporter-output>
        </test-method> <!-- getPetDetailsByInvalidId -->
      </class> <!-- api.tests.RetrievePetDataByIdServiceTest -->
      <class name="api.tests.DeletePetServiceTest">
        <test-method signature="getPetDetailsByInvalidId(int)[pri:0, instance:api.tests.DeletePetServiceTest@5276d6ee]" started-at="2025-11-09T19:14:57 IST" name="getPetDetailsByInvalidId" data-provider="getInvalidPetDataProvider" finished-at="2025-11-09T19:14:58 IST" duration-ms="1279" status="PASS">
          <params>
            <param index="0">
              <value>
                <![CDATA[0]]>
              </value>
            </param>
          </params>
          <reporter-output>
          </reporter-output>
        </test-method> <!-- getPetDetailsByInvalidId -->
        <test-method signature="getPetDetailsByValidId(int)[pri:0, instance:api.tests.DeletePetServiceTest@5276d6ee]" started-at="2025-11-09T19:14:58 IST" name="getPetDetailsByValidId" data-provider="getValidPetDataProvider" finished-at="2025-11-09T19:15:00 IST" duration-ms="1391" status="PASS">
          <params>
            <param index="0">
              <value>
                <![CDATA[101]]>
              </value>
            </param>
          </params>
          <reporter-output>
          </reporter-output>
        </test-method> <!-- getPetDetailsByValidId -->
        <test-method signature="getPetDetailsByValidId(int)[pri:0, instance:api.tests.DeletePetServiceTest@5276d6ee]" started-at="2025-11-09T19:15:00 IST" name="getPetDetailsByValidId" data-provider="getValidPetDataProvider" finished-at="2025-11-09T19:15:01 IST" duration-ms="1381" status="PASS">
          <params>
            <param index="0">
              <value>
                <![CDATA[102]]>
              </value>
            </param>
          </params>
          <reporter-output>
          </reporter-output>
        </test-method> <!-- getPetDetailsByValidId -->
        <test-method signature="getPetDetailsByValidId(int)[pri:0, instance:api.tests.DeletePetServiceTest@5276d6ee]" started-at="2025-11-09T19:15:01 IST" name="getPetDetailsByValidId" data-provider="getValidPetDataProvider" finished-at="2025-11-09T19:15:03 IST" duration-ms="1555" status="PASS">
          <params>
            <param index="0">
              <value>
                <![CDATA[103]]>
              </value>
            </param>
          </params>
          <reporter-output>
          </reporter-output>
        </test-method> <!-- getPetDetailsByValidId -->
        <test-method signature="getPetDetailsByValidId(int)[pri:0, instance:api.tests.DeletePetServiceTest@5276d6ee]" started-at="2025-11-09T19:15:03 IST" name="getPetDetailsByValidId" data-provider="getValidPetDataProvider" finished-at="2025-11-09T19:15:04 IST" duration-ms="1432" status="PASS">
          <params>
            <param index="0">
              <value>
                <![CDATA[104]]>
              </value>
            </param>
          </params>
          <reporter-output>
          </reporter-output>
        </test-method> <!-- getPetDetailsByValidId -->
      </class> <!-- api.tests.DeletePetServiceTest -->
      <class name="api.tests.AddPetServiceTest">
        <test-method signature="createBooking(api.models.PetPayload)[pri:0, instance:api.tests.AddPetServiceTest@7139992f]" started-at="2025-11-09T19:14:28 IST" name="createBooking" data-provider="createPetDataProvider" finished-at="2025-11-09T19:14:33 IST" duration-ms="4465" status="PASS">
          <params>
            <param index="0">
              <value>
                <![CDATA[api.models.PetPayload@5170bcf4]]>
              </value>
            </param>
          </params>
          <reporter-output>
          </reporter-output>
        </test-method> <!-- createBooking -->
        <test-method signature="createBooking(api.models.PetPayload)[pri:0, instance:api.tests.AddPetServiceTest@7139992f]" started-at="2025-11-09T19:14:33 IST" name="createBooking" data-provider="createPetDataProvider" finished-at="2025-11-09T19:14:35 IST" duration-ms="1958" status="PASS">
          <params>
            <param index="0">
              <value>
                <![CDATA[api.models.PetPayload@6ad1701a]]>
              </value>
            </param>
          </params>
          <reporter-output>
          </reporter-output>
        </test-method> <!-- createBooking -->
        <test-method signature="createBooking(api.models.PetPayload)[pri:0, instance:api.tests.AddPetServiceTest@7139992f]" started-at="2025-11-09T19:14:35 IST" name="createBooking" data-provider="createPetDataProvider" finished-at="2025-11-09T19:14:36 IST" duration-ms="1451" status="PASS">
          <params>
            <param index="0">
              <value>
                <![CDATA[api.models.PetPayload@7b91d9f]]>
              </value>
            </param>
          </params>
          <reporter-output>
          </reporter-output>
        </test-method> <!-- createBooking -->
        <test-method signature="createBooking(api.models.PetPayload)[pri:0, instance:api.tests.AddPetServiceTest@7139992f]" started-at="2025-11-09T19:14:36 IST" name="createBooking" data-provider="createPetDataProvider" finished-at="2025-11-09T19:14:38 IST" duration-ms="1269" status="PASS">
          <params>
            <param index="0">
              <value>
                <![CDATA[api.models.PetPayload@5e68be2]]>
              </value>
            </param>
          </params>
          <reporter-output>
          </reporter-output>
        </test-method> <!-- createBooking -->
        <test-method signature="createBooking(api.models.PetPayload)[pri:0, instance:api.tests.AddPetServiceTest@7139992f]" started-at="2025-11-09T19:14:38 IST" name="createBooking" data-provider="createPetDataProvider" finished-at="2025-11-09T19:14:39 IST" duration-ms="1359" status="PASS">
          <params>
            <param index="0">
              <value>
                <![CDATA[api.models.PetPayload@582dcd35]]>
              </value>
            </param>
          </params>
          <reporter-output>
          </reporter-output>
        </test-method> <!-- createBooking -->
      </class> <!-- api.tests.AddPetServiceTest -->
      <class name="api.tests.PetLifecycleTest">
        <test-method signature="addNewPet()[pri:1, instance:api.tests.PetLifecycleTest@6a4f1a55]" started-at="2025-11-09T19:15:04 IST" name="addNewPet" finished-at="2025-11-09T19:15:05 IST" duration-ms="1347" status="PASS">
          <reporter-output>
          </reporter-output>
        </test-method> <!-- addNewPet -->
        <test-method retried="true" signature="getPet()[pri:2, instance:api.tests.PetLifecycleTest@6a4f1a55]" started-at="2025-11-09T19:15:05 IST" name="getPet" finished-at="2025-11-09T19:15:07 IST" depends-on-methods="api.tests.PetLifecycleTest.addNewPet" duration-ms="1425" status="SKIP">
          <exception class="java.lang.AssertionError">
            <message>
              <![CDATA[expected [200] but found [404]]]>
            </message>
            <full-stacktrace>
              <![CDATA[java.lang.AssertionError: expected [200] but found [404]
at org.testng.Assert.fail(Assert.java:111)
at org.testng.Assert.failNotEquals(Assert.java:1590)
at org.testng.Assert.assertEqualsImpl(Assert.java:150)
at org.testng.Assert.assertEquals(Assert.java:132)
at org.testng.Assert.assertEquals(Assert.java:1431)
at org.testng.Assert.assertEquals(Assert.java:1395)
at org.testng.Assert.assertEquals(Assert.java:1441)
at api.tests.PetLifecycleTest.getPet(PetLifecycleTest.java:53)
at java.base/jdk.internal.reflect.DirectMethodHandleAccessor.invoke(DirectMethodHandleAccessor.java:103)
at java.base/java.lang.reflect.Method.invoke(Method.java:580)
at org.testng.internal.invokers.MethodInvocationHelper.invokeMethod(MethodInvocationHelper.java:141)
at org.testng.internal.invokers.TestInvoker.invokeMethod(TestInvoker.java:687)
at org.testng.internal.invokers.TestInvoker.invokeTestMethod(TestInvoker.java:230)
at org.testng.internal.invokers.MethodRunner.runInSequence(MethodRunner.java:63)
at org.testng.internal.invokers.TestInvoker$MethodInvocationAgent.invoke(TestInvoker.java:995)
at org.testng.internal.invokers.TestInvoker.invokeTestMethods(TestInvoker.java:203)
at org.testng.internal.invokers.TestMethodWorker.invokeTestMethods(TestMethodWorker.java:154)
at org.testng.internal.invokers.TestMethodWorker.run(TestMethodWorker.java:134)
at java.base/java.util.ArrayList.forEach(ArrayList.java:1596)
at org.testng.TestRunner.privateRun(TestRunner.java:741)
at org.testng.TestRunner.run(TestRunner.java:616)
at org.testng.SuiteRunner.runTest(SuiteRunner.java:421)
at org.testng.SuiteRunner.runSequentially(SuiteRunner.java:413)
at org.testng.SuiteRunner.privateRun(SuiteRunner.java:373)
at org.testng.SuiteRunner.run(SuiteRunner.java:312)
at org.testng.SuiteRunnerWorker.runSuite(SuiteRunnerWorker.java:52)
at org.testng.SuiteRunnerWorker.run(SuiteRunnerWorker.java:95)
at org.testng.TestNG.runSuitesSequentially(TestNG.java:1274)
at org.testng.TestNG.runSuitesLocally(TestNG.java:1208)
at org.testng.TestNG.runSuites(TestNG.java:1112)
at org.testng.TestNG.run(TestNG.java:1079)
at org.testng.remote.AbstractRemoteTestNG.run(AbstractRemoteTestNG.java:115)
at org.testng.remote.RemoteTestNG.initAndRun(RemoteTestNG.java:293)
at org.testng.remote.RemoteTestNG.main(RemoteTestNG.java:91)
]]>
            </full-stacktrace>
          </exception> <!-- java.lang.AssertionError -->
          <reporter-output>
          </reporter-output>
        </test-method> <!-- getPet -->
        <test-method signature="getPet()[pri:2, instance:api.tests.PetLifecycleTest@6a4f1a55]" started-at="2025-11-09T19:15:22 IST" name="getPet" finished-at="2025-11-09T19:15:23 IST" depends-on-methods="api.tests.PetLifecycleTest.addNewPet" duration-ms="1535" status="PASS">
          <reporter-output>
          </reporter-output>
        </test-method> <!-- getPet -->
        <test-method signature="updatePet()[pri:3, instance:api.tests.PetLifecycleTest@6a4f1a55]" started-at="2025-11-09T19:15:23 IST" name="updatePet" finished-at="2025-11-09T19:15:25 IST" depends-on-methods="api.tests.PetLifecycleTest.getPet, api.tests.PetLifecycleTest.addNewPet" duration-ms="1426" status="PASS">
          <reporter-output>
          </reporter-output>
        </test-method> <!-- updatePet -->
        <test-method retried="true" signature="getUpdatedPet()[pri:4, instance:api.tests.PetLifecycleTest@6a4f1a55]" started-at="2025-11-09T19:15:25 IST" name="getUpdatedPet" finished-at="2025-11-09T19:15:26 IST" depends-on-methods="api.tests.PetLifecycleTest.updatePet" duration-ms="1329" status="SKIP">
          <exception class="java.lang.AssertionError">
            <message>
              <![CDATA[expected [sold] but found [available]]]>
            </message>
            <full-stacktrace>
              <![CDATA[java.lang.AssertionError: expected [sold] but found [available]
at org.testng.Assert.fail(Assert.java:111)
at org.testng.Assert.failNotEquals(Assert.java:1590)
at org.testng.Assert.assertEqualsImpl(Assert.java:150)
at org.testng.Assert.assertEquals(Assert.java:132)
at org.testng.Assert.assertEquals(Assert.java:656)
at org.testng.Assert.assertEquals(Assert.java:666)
at api.tests.PetLifecycleTest.getUpdatedPet(PetLifecycleTest.java:100)
at java.base/jdk.internal.reflect.DirectMethodHandleAccessor.invoke(DirectMethodHandleAccessor.java:103)
at java.base/java.lang.reflect.Method.invoke(Method.java:580)
at org.testng.internal.invokers.MethodInvocationHelper.invokeMethod(MethodInvocationHelper.java:141)
at org.testng.internal.invokers.TestInvoker.invokeMethod(TestInvoker.java:687)
at org.testng.internal.invokers.TestInvoker.invokeTestMethod(TestInvoker.java:230)
at org.testng.internal.invokers.MethodRunner.runInSequence(MethodRunner.java:63)
at org.testng.internal.invokers.TestInvoker$MethodInvocationAgent.invoke(TestInvoker.java:995)
at org.testng.internal.invokers.TestInvoker.invokeTestMethods(TestInvoker.java:203)
at org.testng.internal.invokers.TestMethodWorker.invokeTestMethods(TestMethodWorker.java:154)
at org.testng.internal.invokers.TestMethodWorker.run(TestMethodWorker.java:134)
at java.base/java.util.ArrayList.forEach(ArrayList.java:1596)
at org.testng.TestRunner.privateRun(TestRunner.java:741)
at org.testng.TestRunner.run(TestRunner.java:616)
at org.testng.SuiteRunner.runTest(SuiteRunner.java:421)
at org.testng.SuiteRunner.runSequentially(SuiteRunner.java:413)
at org.testng.SuiteRunner.privateRun(SuiteRunner.java:373)
at org.testng.SuiteRunner.run(SuiteRunner.java:312)
at org.testng.SuiteRunnerWorker.runSuite(SuiteRunnerWorker.java:52)
at org.testng.SuiteRunnerWorker.run(SuiteRunnerWorker.java:95)
at org.testng.TestNG.runSuitesSequentially(TestNG.java:1274)
at org.testng.TestNG.runSuitesLocally(TestNG.java:1208)
at org.testng.TestNG.runSuites(TestNG.java:1112)
at org.testng.TestNG.run(TestNG.java:1079)
at org.testng.remote.AbstractRemoteTestNG.run(AbstractRemoteTestNG.java:115)
at org.testng.remote.RemoteTestNG.initAndRun(RemoteTestNG.java:293)
at org.testng.remote.RemoteTestNG.main(RemoteTestNG.java:91)
]]>
            </full-stacktrace>
          </exception> <!-- java.lang.AssertionError -->
          <reporter-output>
          </reporter-output>
        </test-method> <!-- getUpdatedPet -->
        <test-method retried="true" signature="getUpdatedPet()[pri:4, instance:api.tests.PetLifecycleTest@6a4f1a55]" started-at="2025-11-09T19:15:41 IST" name="getUpdatedPet" finished-at="2025-11-09T19:15:43 IST" depends-on-methods="api.tests.PetLifecycleTest.updatePet" duration-ms="2180" status="SKIP">
          <exception class="java.lang.AssertionError">
            <message>
              <![CDATA[expected [sold] but found [available]]]>
            </message>
            <full-stacktrace>
              <![CDATA[java.lang.AssertionError: expected [sold] but found [available]
at org.testng.Assert.fail(Assert.java:111)
at org.testng.Assert.failNotEquals(Assert.java:1590)
at org.testng.Assert.assertEqualsImpl(Assert.java:150)
at org.testng.Assert.assertEquals(Assert.java:132)
at org.testng.Assert.assertEquals(Assert.java:656)
at org.testng.Assert.assertEquals(Assert.java:666)
at api.tests.PetLifecycleTest.getUpdatedPet(PetLifecycleTest.java:100)
at java.base/jdk.internal.reflect.DirectMethodHandleAccessor.invoke(DirectMethodHandleAccessor.java:103)
at java.base/java.lang.reflect.Method.invoke(Method.java:580)
at org.testng.internal.invokers.MethodInvocationHelper.invokeMethod(MethodInvocationHelper.java:141)
at org.testng.internal.invokers.TestInvoker.invokeMethod(TestInvoker.java:687)
at org.testng.internal.invokers.TestInvoker.retryFailed(TestInvoker.java:269)
at org.testng.internal.invokers.MethodRunner.runInSequence(MethodRunner.java:76)
at org.testng.internal.invokers.TestInvoker$MethodInvocationAgent.invoke(TestInvoker.java:995)
at org.testng.internal.invokers.TestInvoker.invokeTestMethods(TestInvoker.java:203)
at org.testng.internal.invokers.TestMethodWorker.invokeTestMethods(TestMethodWorker.java:154)
at org.testng.internal.invokers.TestMethodWorker.run(TestMethodWorker.java:134)
at java.base/java.util.ArrayList.forEach(ArrayList.java:1596)
at org.testng.TestRunner.privateRun(TestRunner.java:741)
at org.testng.TestRunner.run(TestRunner.java:616)
at org.testng.SuiteRunner.runTest(SuiteRunner.java:421)
at org.testng.SuiteRunner.runSequentially(SuiteRunner.java:413)
at org.testng.SuiteRunner.privateRun(SuiteRunner.java:373)
at org.testng.SuiteRunner.run(SuiteRunner.java:312)
at org.testng.SuiteRunnerWorker.runSuite(SuiteRunnerWorker.java:52)
at org.testng.SuiteRunnerWorker.run(SuiteRunnerWorker.java:95)
at org.testng.TestNG.runSuitesSequentially(TestNG.java:1274)
at org.testng.TestNG.runSuitesLocally(TestNG.java:1208)
at org.testng.TestNG.runSuites(TestNG.java:1112)
at org.testng.TestNG.run(TestNG.java:1079)
at org.testng.remote.AbstractRemoteTestNG.run(AbstractRemoteTestNG.java:115)
at org.testng.remote.RemoteTestNG.initAndRun(RemoteTestNG.java:293)
at org.testng.remote.RemoteTestNG.main(RemoteTestNG.java:91)
]]>
            </full-stacktrace>
          </exception> <!-- java.lang.AssertionError -->
          <reporter-output>
          </reporter-output>
        </test-method> <!-- getUpdatedPet -->
        <test-method signature="getUpdatedPet()[pri:4, instance:api.tests.PetLifecycleTest@6a4f1a55]" started-at="2025-11-09T19:15:58 IST" name="getUpdatedPet" finished-at="2025-11-09T19:16:00 IST" depends-on-methods="api.tests.PetLifecycleTest.updatePet" duration-ms="1564" status="PASS">
          <reporter-output>
          </reporter-output>
        </test-method> <!-- getUpdatedPet -->
        <test-method signature="deleteExistingPet()[pri:5, instance:api.tests.PetLifecycleTest@6a4f1a55]" started-at="2025-11-09T19:16:00 IST" name="deleteExistingPet" finished-at="2025-11-09T19:16:01 IST" depends-on-methods="api.tests.PetLifecycleTest.getUpdatedPet" duration-ms="1314" status="PASS">
          <reporter-output>
          </reporter-output>
        </test-method> <!-- deleteExistingPet -->
        <test-method signature="deleteNonExistingPet()[pri:6, instance:api.tests.PetLifecycleTest@6a4f1a55]" started-at="2025-11-09T19:16:01 IST" name="deleteNonExistingPet" finished-at="2025-11-09T19:16:03 IST" depends-on-methods="api.tests.PetLifecycleTest.deleteExistingPet" duration-ms="1589" status="PASS">
          <reporter-output>
          </reporter-output>
        </test-method> <!-- deleteNonExistingPet -->
      </class> <!-- api.tests.PetLifecycleTest -->
      <class name="api.tests.UpdateExistingPetServiceTest">
        <test-method signature="createBooking(api.models.PetPayload)[pri:0, instance:api.tests.UpdateExistingPetServiceTest@5c7bfdc1]" started-at="2025-11-09T19:14:54 IST" name="createBooking" data-provider="updatePetDataProvider" finished-at="2025-11-09T19:14:55 IST" duration-ms="1556" status="PASS">
          <params>
            <param index="0">
              <value>
                <![CDATA[api.models.PetPayload@2e349cf2]]>
              </value>
            </param>
          </params>
          <reporter-output>
          </reporter-output>
        </test-method> <!-- createBooking -->
        <test-method signature="createBooking(api.models.PetPayload)[pri:0, instance:api.tests.UpdateExistingPetServiceTest@5c7bfdc1]" started-at="2025-11-09T19:14:55 IST" name="createBooking" data-provider="updatePetDataProvider" finished-at="2025-11-09T19:14:57 IST" duration-ms="1473" status="PASS">
          <params>
            <param index="0">
              <value>
                <![CDATA[api.models.PetPayload@296676c4]]>
              </value>
            </param>
          </params>
          <reporter-output>
          </reporter-output>
        </test-method> <!-- createBooking -->
      </class> <!-- api.tests.UpdateExistingPetServiceTest -->
      <class name="api.tests.RetrievePetDataByStatusServiceTest">
        <test-method signature="getPetDetailsByStatus(java.lang.String)[pri:0, instance:api.tests.RetrievePetDataByStatusServiceTest@5c86a017]" started-at="2025-11-09T19:14:46 IST" name="getPetDetailsByStatus" data-provider="statusDataProvider" finished-at="2025-11-09T19:14:51 IST" duration-ms="4281" status="PASS">
          <params>
            <param index="0">
              <value>
                <![CDATA[available]]>
              </value>
            </param>
          </params>
          <reporter-output>
          </reporter-output>
        </test-method> <!-- getPetDetailsByStatus -->
        <test-method signature="getPetDetailsByStatus(java.lang.String)[pri:0, instance:api.tests.RetrievePetDataByStatusServiceTest@5c86a017]" started-at="2025-11-09T19:14:51 IST" name="getPetDetailsByStatus" data-provider="statusDataProvider" finished-at="2025-11-09T19:14:52 IST" duration-ms="1589" status="PASS">
          <params>
            <param index="0">
              <value>
                <![CDATA[pending]]>
              </value>
            </param>
          </params>
          <reporter-output>
          </reporter-output>
        </test-method> <!-- getPetDetailsByStatus -->
        <test-method signature="getPetDetailsByStatus(java.lang.String)[pri:0, instance:api.tests.RetrievePetDataByStatusServiceTest@5c86a017]" started-at="2025-11-09T19:14:52 IST" name="getPetDetailsByStatus" data-provider="statusDataProvider" finished-at="2025-11-09T19:14:54 IST" duration-ms="1591" status="PASS">
          <params>
            <param index="0">
              <value>
                <![CDATA[sold]]>
              </value>
            </param>
          </params>
          <reporter-output>
          </reporter-output>
        </test-method> <!-- getPetDetailsByStatus -->
      </class> <!-- api.tests.RetrievePetDataByStatusServiceTest -->
    </test> <!-- Test -->
  </suite> <!-- Suite -->
</testng-results>
