<?xml version="1.0" encoding="UTF-8"?>
<!-- Generated by org.testng.reporters.JUnitReportReporter -->
<testsuite hostname="ASK" failures="0" tests="9" name="api.tests.PetLifecycleTest" time="13.709" errors="0" timestamp="2025-11-09T19:16:03 IST" skipped="3">
  <testcase classname="api.tests.PetLifecycleTest" name="addNewPet" time="1.347"/>
  <testcase classname="api.tests.PetLifecycleTest" name="getPet" time="1.535"/>
  <testcase classname="api.tests.PetLifecycleTest" name="getPet" time="1.425">
    <skipped/>
  </testcase> <!-- getPet -->
  <testcase classname="api.tests.PetLifecycleTest" name="updatePet" time="1.426"/>
  <testcase classname="api.tests.PetLifecycleTest" name="getUpdatedPet" time="2.180">
    <skipped/>
  </testcase> <!-- getUpdatedPet -->
  <testcase classname="api.tests.PetLifecycleTest" name="getUpdatedPet" time="1.564"/>
  <testcase classname="api.tests.PetLifecycleTest" name="getUpdatedPet" time="1.329">
    <skipped/>
  </testcase> <!-- getUpdatedPet -->
  <testcase classname="api.tests.PetLifecycleTest" name="deleteExistingPet" time="1.314"/>
  <testcase classname="api.tests.PetLifecycleTest" name="deleteNonExistingPet" time="1.589"/>
</testsuite> <!-- api.tests.PetLifecycleTest -->
