<?xml version="1.0" encoding="UTF-8"?>
<!-- Generated by org.testng.reporters.JUnitReportReporter -->
<testsuite hostname="ASK" failures="0" tests="5" name="api.tests.RetrievePetDataByIdServiceTest" time="7.354" errors="0" timestamp="2025-11-09T19:16:03 IST" skipped="0">
  <testcase classname="api.tests.RetrievePetDataByIdServiceTest" name="getPetDetailsById" time="1.312"/>
  <testcase classname="api.tests.RetrievePetDataByIdServiceTest" name="getPetDetailsById" time="1.283"/>
  <testcase classname="api.tests.RetrievePetDataByIdServiceTest" name="getPetDetailsByInvalidId" time="2.208"/>
  <testcase classname="api.tests.RetrievePetDataByIdServiceTest" name="getPetDetailsById" time="1.286"/>
  <testcase classname="api.tests.RetrievePetDataByIdServiceTest" name="getPetDetailsById" time="1.265"/>
</testsuite> <!-- api.tests.RetrievePetDataByIdServiceTest -->
