<?xml version="1.0" encoding="UTF-8"?>
<!-- Generated by org.testng.reporters.JUnitReportReporter -->
<testsuite hostname="ASK" failures="0" tests="3" name="api.tests.RetrivePetDataByStatusServiceTest" time="11.209" errors="0" timestamp="2025-11-09T11:31:51 IST" skipped="0">
  <testcase classname="api.tests.RetrivePetDataByStatusServiceTest" name="getPetDetailsByStatus" time="2.358"/>
  <testcase classname="api.tests.RetrivePetDataByStatusServiceTest" name="getPetDetailsByStatus" time="1.622"/>
  <testcase classname="api.tests.RetrivePetDataByStatusServiceTest" name="getPetDetailsByStatus" time="7.229"/>
</testsuite> <!-- api.tests.RetrivePetDataByStatusServiceTest -->
