<?xml version="1.0" encoding="UTF-8"?>
<!-- Generated by org.testng.reporters.JUnitReportReporter -->
<testsuite hostname="ASK" failures="0" tests="5" name="api.tests.AddPetServiceTest" time="10.502" errors="0" timestamp="2025-11-09T19:16:03 IST" skipped="0">
  <testcase classname="api.tests.AddPetServiceTest" name="createBooking" time="1.269"/>
  <testcase classname="api.tests.AddPetServiceTest" name="createBooking" time="4.465"/>
  <testcase classname="api.tests.AddPetServiceTest" name="createBooking" time="1.958"/>
  <testcase classname="api.tests.AddPetServiceTest" name="createBooking" time="1.451"/>
  <testcase classname="api.tests.AddPetServiceTest" name="createBooking" time="1.359"/>
</testsuite> <!-- api.tests.AddPetServiceTest -->
