<?xml version="1.0" encoding="UTF-8"?>
<!-- Generated by org.testng.reporters.JUnitReportReporter -->
<testsuite hostname="ASK" failures="0" tests="5" name="api.tests.DeletePetServiceTest" time="7.038" errors="0" timestamp="2025-11-09T19:16:03 IST" skipped="0">
  <testcase classname="api.tests.DeletePetServiceTest" name="getPetDetailsByValidId" time="1.391"/>
  <testcase classname="api.tests.DeletePetServiceTest" name="getPetDetailsByValidId" time="1.381"/>
  <testcase classname="api.tests.DeletePetServiceTest" name="getPetDetailsByInvalidId" time="1.279"/>
  <testcase classname="api.tests.DeletePetServiceTest" name="getPetDetailsByValidId" time="1.555"/>
  <testcase classname="api.tests.DeletePetServiceTest" name="getPetDetailsByValidId" time="1.432"/>
</testsuite> <!-- api.tests.DeletePetServiceTest -->
