<?xml version="1.0" encoding="UTF-8"?>
<!-- Generated by org.testng.reporters.JUnitReportReporter -->
<testsuite hostname="ASK" failures="0" tests="3" name="api.tests.RetrievePetDataByStatusServiceTest" time="7.461" errors="0" timestamp="2025-11-09T19:16:03 IST" skipped="0">
  <testcase classname="api.tests.RetrievePetDataByStatusServiceTest" name="getPetDetailsByStatus" time="4.281"/>
  <testcase classname="api.tests.RetrievePetDataByStatusServiceTest" name="getPetDetailsByStatus" time="1.589"/>
  <testcase classname="api.tests.RetrievePetDataByStatusServiceTest" name="getPetDetailsByStatus" time="1.591"/>
</testsuite> <!-- api.tests.RetrievePetDataByStatusServiceTest -->
