<?xml version="1.0" encoding="UTF-8"?>
<!-- Generated by org.testng.reporters.JUnitReportReporter -->
<testsuite hostname="ASK" failures="0" tests="2" name="api.tests.UpdateExistingPetServiceTest" time="3.029" errors="0" timestamp="2025-11-09T19:16:03 IST" skipped="0">
  <testcase classname="api.tests.UpdateExistingPetServiceTest" name="createBooking" time="1.473"/>
  <testcase classname="api.tests.UpdateExistingPetServiceTest" name="createBooking" time="1.556"/>
</testsuite> <!-- api.tests.UpdateExistingPetServiceTest -->
